28-11-2018 11:47:48 [INFO ] (LaefazWeb.Controllers.EncadeamentoController - line 101) - Entrada no método listarTestDatas do Encadeamento.
28-11-2018 11:47:48 [INFO ] (LaefazWeb.Controllers.EncadeamentoController - line 101) - Id do DataPool: 1
28-11-2018 11:47:48 [INFO ] (LaefazWeb.Controllers.EncadeamentoController - line 101) - Preparando a execução da PROC PR_LISTAR_TEST_DATA, passando o parâmtetro: 1
28-11-2018 11:47:48 [INFO ] (LaefazWeb.Controllers.EncadeamentoController - line 101) - PROC 'PR_LISTAR_TEST_DATA' executada com sucesso e foram retornados 7 registros.
28-11-2018 11:47:48 [INFO ] (LaefazWeb.Controllers.EncadeamentoController - line 101) - Preenchimento dos parametros do testData executado com sucesso e foram retornados 16 registros.
28-11-2018 11:47:48 [INFO ] (LaefazWeb.Controllers.EncadeamentoController - line 101) - Preenchimento dos parametros do testData executado com sucesso e foram retornados 16 registros.
28-11-2018 11:47:48 [INFO ] (LaefazWeb.Controllers.EncadeamentoController - line 101) - Preenchimento dos parametros do testData executado com sucesso e foram retornados 16 registros.
28-11-2018 11:47:48 [INFO ] (LaefazWeb.Controllers.EncadeamentoController - line 101) - Preenchimento dos parametros do testData executado com sucesso e foram retornados 16 registros.
28-11-2018 11:47:48 [INFO ] (LaefazWeb.Controllers.EncadeamentoController - line 101) - Preenchimento dos parametros do testData executado com sucesso e foram retornados 16 registros.
28-11-2018 11:47:48 [INFO ] (LaefazWeb.Controllers.EncadeamentoController - line 101) - Preenchimento dos parametros do testData executado com sucesso e foram retornados 16 registros.
28-11-2018 11:47:48 [INFO ] (LaefazWeb.Controllers.EncadeamentoController - line 101) - Preenchimento dos parametros do testData executado com sucesso e foram retornados 16 registros.
28-11-2018 11:47:58 [INFO ] (LaefazWeb.Controllers.EncadeamentoController - line 101) - Entrada no método listarTestDatas do Encadeamento.
28-11-2018 11:47:58 [INFO ] (LaefazWeb.Controllers.EncadeamentoController - line 101) - Id do DataPool: 2
28-11-2018 11:47:58 [INFO ] (LaefazWeb.Controllers.EncadeamentoController - line 101) - Preparando a execução da PROC PR_LISTAR_TEST_DATA, passando o parâmtetro: 2
28-11-2018 11:47:58 [INFO ] (LaefazWeb.Controllers.EncadeamentoController - line 101) - PROC 'PR_LISTAR_TEST_DATA' executada com sucesso e foram retornados 5 registros.
28-11-2018 11:47:58 [INFO ] (LaefazWeb.Controllers.EncadeamentoController - line 101) - Preenchimento dos parametros do testData executado com sucesso e foram retornados 26 registros.
28-11-2018 11:47:58 [INFO ] (LaefazWeb.Controllers.EncadeamentoController - line 101) - Preenchimento dos parametros do testData executado com sucesso e foram retornados 26 registros.
28-11-2018 11:47:58 [INFO ] (LaefazWeb.Controllers.EncadeamentoController - line 101) - Preenchimento dos parametros do testData executado com sucesso e foram retornados 26 registros.
28-11-2018 11:47:58 [INFO ] (LaefazWeb.Controllers.EncadeamentoController - line 101) - Preenchimento dos parametros do testData executado com sucesso e foram retornados 26 registros.
28-11-2018 11:47:58 [INFO ] (LaefazWeb.Controllers.EncadeamentoController - line 101) - Preenchimento dos parametros do testData executado com sucesso e foram retornados 26 registros.
28-11-2018 11:51:02 [INFO ] (LaefazWeb.Controllers.DataPoolController - line 101) - Entrada no método listarTestDatas do Encadeamento.
28-11-2018 11:51:02 [INFO ] (LaefazWeb.Controllers.DataPoolController - line 101) - Id do DataPool: 2
28-11-2018 11:51:02 [INFO ] (LaefazWeb.Controllers.DataPoolController - line 101) - Preparando a execução da PROC PR_LISTAR_TEST_DATA, passando o parâmtetro: 2
28-11-2018 11:51:02 [INFO ] (LaefazWeb.Controllers.DataPoolController - line 101) - PROC 'PR_LISTAR_TEST_DATA' executada com sucesso e foram retornados 5 registros.
28-11-2018 11:51:02 [INFO ] (LaefazWeb.Controllers.DataPoolController - line 101) - Preenchimento dos parametros do testData executado com sucesso e foram retornados 26 registros.
28-11-2018 11:51:02 [INFO ] (LaefazWeb.Controllers.DataPoolController - line 101) - Preenchimento dos parametros do testData executado com sucesso e foram retornados 26 registros.
28-11-2018 11:51:02 [INFO ] (LaefazWeb.Controllers.DataPoolController - line 101) - Preenchimento dos parametros do testData executado com sucesso e foram retornados 26 registros.
28-11-2018 11:51:02 [INFO ] (LaefazWeb.Controllers.DataPoolController - line 101) - Preenchimento dos parametros do testData executado com sucesso e foram retornados 26 registros.
28-11-2018 11:51:02 [INFO ] (LaefazWeb.Controllers.DataPoolController - line 101) - Preenchimento dos parametros do testData executado com sucesso e foram retornados 26 registros.
28-11-2018 11:52:00 [INFO ] (LaefazWeb.Controllers.DataPoolController - line 101) - Entrada no método listarTestDatas do Encadeamento.
28-11-2018 11:52:00 [INFO ] (LaefazWeb.Controllers.DataPoolController - line 101) - Id do DataPool: 1
28-11-2018 11:52:00 [INFO ] (LaefazWeb.Controllers.DataPoolController - line 101) - Preparando a execução da PROC PR_LISTAR_TEST_DATA, passando o parâmtetro: 1
28-11-2018 11:52:00 [INFO ] (LaefazWeb.Controllers.DataPoolController - line 101) - PROC 'PR_LISTAR_TEST_DATA' executada com sucesso e foram retornados 7 registros.
28-11-2018 11:52:00 [INFO ] (LaefazWeb.Controllers.DataPoolController - line 101) - Preenchimento dos parametros do testData executado com sucesso e foram retornados 16 registros.
28-11-2018 11:52:00 [INFO ] (LaefazWeb.Controllers.DataPoolController - line 101) - Preenchimento dos parametros do testData executado com sucesso e foram retornados 16 registros.
28-11-2018 11:52:00 [INFO ] (LaefazWeb.Controllers.DataPoolController - line 101) - Preenchimento dos parametros do testData executado com sucesso e foram retornados 16 registros.
28-11-2018 11:52:00 [INFO ] (LaefazWeb.Controllers.DataPoolController - line 101) - Preenchimento dos parametros do testData executado com sucesso e foram retornados 16 registros.
28-11-2018 11:52:00 [INFO ] (LaefazWeb.Controllers.DataPoolController - line 101) - Preenchimento dos parametros do testData executado com sucesso e foram retornados 16 registros.
28-11-2018 11:52:00 [INFO ] (LaefazWeb.Controllers.DataPoolController - line 101) - Preenchimento dos parametros do testData executado com sucesso e foram retornados 16 registros.
28-11-2018 11:52:00 [INFO ] (LaefazWeb.Controllers.DataPoolController - line 101) - Preenchimento dos parametros do testData executado com sucesso e foram retornados 16 registros.
28-11-2018 13:45:57 [INFO ] (LaefazWeb.Controllers.DataPoolController - line 101) - Entrada no método listarTestDatas do Encadeamento.
28-11-2018 13:45:57 [INFO ] (LaefazWeb.Controllers.DataPoolController - line 101) - Id do DataPool: 2
28-11-2018 13:45:57 [INFO ] (LaefazWeb.Controllers.DataPoolController - line 101) - Preparando a execução da PROC PR_LISTAR_TEST_DATA, passando o parâmtetro: 2
28-11-2018 13:45:57 [INFO ] (LaefazWeb.Controllers.DataPoolController - line 101) - PROC 'PR_LISTAR_TEST_DATA' executada com sucesso e foram retornados 5 registros.
28-11-2018 13:45:57 [INFO ] (LaefazWeb.Controllers.DataPoolController - line 101) - Preenchimento dos parametros do testData executado com sucesso e foram retornados 26 registros.
28-11-2018 13:45:57 [INFO ] (LaefazWeb.Controllers.DataPoolController - line 101) - Preenchimento dos parametros do testData executado com sucesso e foram retornados 26 registros.
28-11-2018 13:45:57 [INFO ] (LaefazWeb.Controllers.DataPoolController - line 101) - Preenchimento dos parametros do testData executado com sucesso e foram retornados 26 registros.
28-11-2018 13:45:58 [INFO ] (LaefazWeb.Controllers.DataPoolController - line 101) - Preenchimento dos parametros do testData executado com sucesso e foram retornados 26 registros.
28-11-2018 13:45:58 [INFO ] (LaefazWeb.Controllers.DataPoolController - line 101) - Preenchimento dos parametros do testData executado com sucesso e foram retornados 26 registros.
28-11-2018 13:57:25 [INFO ] (LaefazWeb.Controllers.DataPoolController - line 101) - Entrada no método listarTestDatas do Encadeamento.
28-11-2018 13:57:25 [INFO ] (LaefazWeb.Controllers.DataPoolController - line 101) - Id do DataPool: 1
28-11-2018 13:57:25 [INFO ] (LaefazWeb.Controllers.DataPoolController - line 101) - Preparando a execução da PROC PR_LISTAR_TEST_DATA, passando o parâmtetro: 1
28-11-2018 13:57:25 [INFO ] (LaefazWeb.Controllers.DataPoolController - line 101) - PROC 'PR_LISTAR_TEST_DATA' executada com sucesso e foram retornados 7 registros.
28-11-2018 13:57:26 [INFO ] (LaefazWeb.Controllers.DataPoolController - line 101) - Preenchimento dos parametros do testData executado com sucesso e foram retornados 16 registros.
28-11-2018 13:57:26 [INFO ] (LaefazWeb.Controllers.DataPoolController - line 101) - Preenchimento dos parametros do testData executado com sucesso e foram retornados 16 registros.
28-11-2018 13:57:26 [INFO ] (LaefazWeb.Controllers.DataPoolController - line 101) - Preenchimento dos parametros do testData executado com sucesso e foram retornados 16 registros.
28-11-2018 13:57:26 [INFO ] (LaefazWeb.Controllers.DataPoolController - line 101) - Preenchimento dos parametros do testData executado com sucesso e foram retornados 16 registros.
28-11-2018 13:57:26 [INFO ] (LaefazWeb.Controllers.DataPoolController - line 101) - Preenchimento dos parametros do testData executado com sucesso e foram retornados 16 registros.
28-11-2018 13:57:26 [INFO ] (LaefazWeb.Controllers.DataPoolController - line 101) - Preenchimento dos parametros do testData executado com sucesso e foram retornados 16 registros.
28-11-2018 13:57:26 [INFO ] (LaefazWeb.Controllers.DataPoolController - line 101) - Preenchimento dos parametros do testData executado com sucesso e foram retornados 16 registros.
28-11-2018 13:58:42 [INFO ] (LaefazWeb.Controllers.DataPoolController - line 101) - Entrada no método listarTestDatas do Encadeamento.
28-11-2018 13:58:42 [INFO ] (LaefazWeb.Controllers.DataPoolController - line 101) - Id do DataPool: 1
28-11-2018 13:58:42 [INFO ] (LaefazWeb.Controllers.DataPoolController - line 101) - Preparando a execução da PROC PR_LISTAR_TEST_DATA, passando o parâmtetro: 1
28-11-2018 13:58:42 [INFO ] (LaefazWeb.Controllers.DataPoolController - line 101) - PROC 'PR_LISTAR_TEST_DATA' executada com sucesso e foram retornados 7 registros.
28-11-2018 13:58:42 [INFO ] (LaefazWeb.Controllers.DataPoolController - line 101) - Preenchimento dos parametros do testData executado com sucesso e foram retornados 16 registros.
28-11-2018 13:58:42 [INFO ] (LaefazWeb.Controllers.DataPoolController - line 101) - Preenchimento dos parametros do testData executado com sucesso e foram retornados 16 registros.
28-11-2018 13:58:42 [INFO ] (LaefazWeb.Controllers.DataPoolController - line 101) - Preenchimento dos parametros do testData executado com sucesso e foram retornados 16 registros.
28-11-2018 13:58:42 [INFO ] (LaefazWeb.Controllers.DataPoolController - line 101) - Preenchimento dos parametros do testData executado com sucesso e foram retornados 16 registros.
28-11-2018 13:58:42 [INFO ] (LaefazWeb.Controllers.DataPoolController - line 101) - Preenchimento dos parametros do testData executado com sucesso e foram retornados 16 registros.
28-11-2018 13:58:42 [INFO ] (LaefazWeb.Controllers.DataPoolController - line 101) - Preenchimento dos parametros do testData executado com sucesso e foram retornados 16 registros.
28-11-2018 13:58:42 [INFO ] (LaefazWeb.Controllers.DataPoolController - line 101) - Preenchimento dos parametros do testData executado com sucesso e foram retornados 16 registros.
28-11-2018 14:05:01 [INFO ] (LaefazWeb.Controllers.DataPoolController - line 101) - Entrada no método listarTestDatas do Encadeamento.
28-11-2018 14:05:01 [INFO ] (LaefazWeb.Controllers.DataPoolController - line 101) - Id do DataPool: 2
28-11-2018 14:05:01 [INFO ] (LaefazWeb.Controllers.DataPoolController - line 101) - Preparando a execução da PROC PR_LISTAR_TEST_DATA, passando o parâmtetro: 2
28-11-2018 14:05:01 [INFO ] (LaefazWeb.Controllers.DataPoolController - line 101) - PROC 'PR_LISTAR_TEST_DATA' executada com sucesso e foram retornados 5 registros.
28-11-2018 14:05:01 [INFO ] (LaefazWeb.Controllers.DataPoolController - line 101) - Preenchimento dos parametros do testData executado com sucesso e foram retornados 26 registros.
28-11-2018 14:05:01 [INFO ] (LaefazWeb.Controllers.DataPoolController - line 101) - Preenchimento dos parametros do testData executado com sucesso e foram retornados 26 registros.
28-11-2018 14:05:01 [INFO ] (LaefazWeb.Controllers.DataPoolController - line 101) - Preenchimento dos parametros do testData executado com sucesso e foram retornados 26 registros.
28-11-2018 14:05:02 [INFO ] (LaefazWeb.Controllers.DataPoolController - line 101) - Preenchimento dos parametros do testData executado com sucesso e foram retornados 26 registros.
28-11-2018 14:05:02 [INFO ] (LaefazWeb.Controllers.DataPoolController - line 101) - Preenchimento dos parametros do testData executado com sucesso e foram retornados 26 registros.
28-11-2018 14:16:49 [INFO ] (LaefazWeb.Controllers.DataPoolController - line 101) - Entrada no método listarTestDatas do Encadeamento.
28-11-2018 14:16:49 [INFO ] (LaefazWeb.Controllers.DataPoolController - line 101) - Id do DataPool: 1
28-11-2018 14:16:49 [INFO ] (LaefazWeb.Controllers.DataPoolController - line 101) - Preparando a execução da PROC PR_LISTAR_TEST_DATA, passando o parâmtetro: 1
28-11-2018 14:16:49 [INFO ] (LaefazWeb.Controllers.DataPoolController - line 101) - PROC 'PR_LISTAR_TEST_DATA' executada com sucesso e foram retornados 7 registros.
28-11-2018 14:16:49 [INFO ] (LaefazWeb.Controllers.DataPoolController - line 101) - Preenchimento dos parametros do testData executado com sucesso e foram retornados 16 registros.
28-11-2018 14:16:49 [INFO ] (LaefazWeb.Controllers.DataPoolController - line 101) - Preenchimento dos parametros do testData executado com sucesso e foram retornados 16 registros.
28-11-2018 14:16:49 [INFO ] (LaefazWeb.Controllers.DataPoolController - line 101) - Preenchimento dos parametros do testData executado com sucesso e foram retornados 16 registros.
28-11-2018 14:16:49 [INFO ] (LaefazWeb.Controllers.DataPoolController - line 101) - Preenchimento dos parametros do testData executado com sucesso e foram retornados 16 registros.
28-11-2018 14:16:49 [INFO ] (LaefazWeb.Controllers.DataPoolController - line 101) - Preenchimento dos parametros do testData executado com sucesso e foram retornados 16 registros.
28-11-2018 14:16:49 [INFO ] (LaefazWeb.Controllers.DataPoolController - line 101) - Preenchimento dos parametros do testData executado com sucesso e foram retornados 16 registros.
28-11-2018 14:16:49 [INFO ] (LaefazWeb.Controllers.DataPoolController - line 101) - Preenchimento dos parametros do testData executado com sucesso e foram retornados 16 registros.
28-11-2018 14:17:23 [INFO ] (LaefazWeb.Controllers.DataPoolController - line 101) - Entrada no método listarTestDatas do Encadeamento.
28-11-2018 14:17:23 [INFO ] (LaefazWeb.Controllers.DataPoolController - line 101) - Id do DataPool: 2
28-11-2018 14:17:23 [INFO ] (LaefazWeb.Controllers.DataPoolController - line 101) - Preparando a execução da PROC PR_LISTAR_TEST_DATA, passando o parâmtetro: 2
28-11-2018 14:17:23 [INFO ] (LaefazWeb.Controllers.DataPoolController - line 101) - PROC 'PR_LISTAR_TEST_DATA' executada com sucesso e foram retornados 5 registros.
28-11-2018 14:17:23 [INFO ] (LaefazWeb.Controllers.DataPoolController - line 101) - Preenchimento dos parametros do testData executado com sucesso e foram retornados 26 registros.
28-11-2018 14:17:23 [INFO ] (LaefazWeb.Controllers.DataPoolController - line 101) - Preenchimento dos parametros do testData executado com sucesso e foram retornados 26 registros.
28-11-2018 14:17:24 [INFO ] (LaefazWeb.Controllers.DataPoolController - line 101) - Preenchimento dos parametros do testData executado com sucesso e foram retornados 26 registros.
28-11-2018 14:17:24 [INFO ] (LaefazWeb.Controllers.DataPoolController - line 101) - Preenchimento dos parametros do testData executado com sucesso e foram retornados 26 registros.
28-11-2018 14:17:24 [INFO ] (LaefazWeb.Controllers.DataPoolController - line 101) - Preenchimento dos parametros do testData executado com sucesso e foram retornados 26 registros.
28-11-2018 14:22:35 [INFO ] (LaefazWeb.Controllers.DataPoolController - line 101) - Entrada no método listarTestDatas do Encadeamento.
28-11-2018 14:22:35 [INFO ] (LaefazWeb.Controllers.DataPoolController - line 101) - Id do DataPool: 2
28-11-2018 14:22:35 [INFO ] (LaefazWeb.Controllers.DataPoolController - line 101) - Preparando a execução da PROC PR_LISTAR_TEST_DATA, passando o parâmtetro: 2
28-11-2018 14:22:35 [INFO ] (LaefazWeb.Controllers.DataPoolController - line 101) - PROC 'PR_LISTAR_TEST_DATA' executada com sucesso e foram retornados 5 registros.
28-11-2018 14:22:35 [INFO ] (LaefazWeb.Controllers.DataPoolController - line 101) - Preenchimento dos parametros do testData executado com sucesso e foram retornados 26 registros.
28-11-2018 14:22:35 [INFO ] (LaefazWeb.Controllers.DataPoolController - line 101) - Preenchimento dos parametros do testData executado com sucesso e foram retornados 26 registros.
28-11-2018 14:22:35 [INFO ] (LaefazWeb.Controllers.DataPoolController - line 101) - Preenchimento dos parametros do testData executado com sucesso e foram retornados 26 registros.
28-11-2018 14:22:35 [INFO ] (LaefazWeb.Controllers.DataPoolController - line 101) - Preenchimento dos parametros do testData executado com sucesso e foram retornados 26 registros.
28-11-2018 14:22:35 [INFO ] (LaefazWeb.Controllers.DataPoolController - line 101) - Preenchimento dos parametros do testData executado com sucesso e foram retornados 26 registros.
28-11-2018 14:22:56 [INFO ] (LaefazWeb.Controllers.DataPoolController - line 101) - Inclusão do encadeamento 37
28-11-2018 14:23:52 [INFO ] (LaefazWeb.Controllers.DataPoolController - line 101) - Entrada no método listarTestDatas do Encadeamento.
28-11-2018 14:23:52 [INFO ] (LaefazWeb.Controllers.DataPoolController - line 101) - Id do DataPool: 1
28-11-2018 14:23:52 [INFO ] (LaefazWeb.Controllers.DataPoolController - line 101) - Preparando a execução da PROC PR_LISTAR_TEST_DATA, passando o parâmtetro: 1
28-11-2018 14:23:52 [INFO ] (LaefazWeb.Controllers.DataPoolController - line 101) - PROC 'PR_LISTAR_TEST_DATA' executada com sucesso e foram retornados 7 registros.
28-11-2018 14:23:52 [INFO ] (LaefazWeb.Controllers.DataPoolController - line 101) - Preenchimento dos parametros do testData executado com sucesso e foram retornados 16 registros.
28-11-2018 14:23:52 [INFO ] (LaefazWeb.Controllers.DataPoolController - line 101) - Preenchimento dos parametros do testData executado com sucesso e foram retornados 16 registros.
28-11-2018 14:23:52 [INFO ] (LaefazWeb.Controllers.DataPoolController - line 101) - Preenchimento dos parametros do testData executado com sucesso e foram retornados 16 registros.
28-11-2018 14:23:52 [INFO ] (LaefazWeb.Controllers.DataPoolController - line 101) - Preenchimento dos parametros do testData executado com sucesso e foram retornados 16 registros.
28-11-2018 14:23:52 [INFO ] (LaefazWeb.Controllers.DataPoolController - line 101) - Preenchimento dos parametros do testData executado com sucesso e foram retornados 16 registros.
28-11-2018 14:23:52 [INFO ] (LaefazWeb.Controllers.DataPoolController - line 101) - Preenchimento dos parametros do testData executado com sucesso e foram retornados 16 registros.
28-11-2018 14:23:52 [INFO ] (LaefazWeb.Controllers.DataPoolController - line 101) - Preenchimento dos parametros do testData executado com sucesso e foram retornados 16 registros.
28-11-2018 14:24:14 [INFO ] (LaefazWeb.Controllers.DataPoolController - line 101) - Inclusão do encadeamento 38
28-11-2018 14:24:14 [INFO ] (LaefazWeb.Controllers.DataPoolController - line 101) - Associando o testData 12 ao Encadeamento 38
28-11-2018 14:24:14 [INFO ] (LaefazWeb.Controllers.DataPoolController - line 101) - Salvando o ParametroValor 177 do TestData 12
28-11-2018 14:24:14 [INFO ] (LaefazWeb.Controllers.DataPoolController - line 101) - Salvando o ParametroValor 178 do TestData 12
28-11-2018 14:24:14 [INFO ] (LaefazWeb.Controllers.DataPoolController - line 101) - Salvando o ParametroValor 179 do TestData 12
28-11-2018 14:24:14 [INFO ] (LaefazWeb.Controllers.DataPoolController - line 101) - Salvando o ParametroValor 180 do TestData 12
28-11-2018 14:24:14 [INFO ] (LaefazWeb.Controllers.DataPoolController - line 101) - Salvando o ParametroValor 181 do TestData 12
28-11-2018 14:24:14 [INFO ] (LaefazWeb.Controllers.DataPoolController - line 101) - Salvando o ParametroValor 182 do TestData 12
28-11-2018 14:24:14 [INFO ] (LaefazWeb.Controllers.DataPoolController - line 101) - Salvando o ParametroValor 183 do TestData 12
28-11-2018 14:24:14 [INFO ] (LaefazWeb.Controllers.DataPoolController - line 101) - Salvando o ParametroValor 184 do TestData 12
28-11-2018 14:24:14 [INFO ] (LaefazWeb.Controllers.DataPoolController - line 101) - Salvando o ParametroValor 185 do TestData 12
28-11-2018 14:24:14 [INFO ] (LaefazWeb.Controllers.DataPoolController - line 101) - Salvando o ParametroValor 186 do TestData 12
28-11-2018 14:24:14 [INFO ] (LaefazWeb.Controllers.DataPoolController - line 101) - Salvando o ParametroValor 187 do TestData 12
28-11-2018 14:24:14 [INFO ] (LaefazWeb.Controllers.DataPoolController - line 101) - Salvando o ParametroValor 188 do TestData 12
28-11-2018 14:24:14 [INFO ] (LaefazWeb.Controllers.DataPoolController - line 101) - Salvando o ParametroValor 189 do TestData 12
28-11-2018 14:24:14 [INFO ] (LaefazWeb.Controllers.DataPoolController - line 101) - Salvando o ParametroValor 190 do TestData 12
28-11-2018 14:24:14 [INFO ] (LaefazWeb.Controllers.DataPoolController - line 101) - Salvando o ParametroValor 191 do TestData 12
28-11-2018 14:24:14 [INFO ] (LaefazWeb.Controllers.DataPoolController - line 101) - Salvando o ParametroValor 192 do TestData 12
28-11-2018 14:24:14 [INFO ] (LaefazWeb.Controllers.DataPoolController - line 101) - Salvando o Encadeamento 38
